<?xml version="1.0" encoding="UTF-8"?>
<!-- Generated by org.testng.reporters.JUnitReportReporter -->
<testsuite hostname="ting" failures="0" tests="6" name="TestCases.FailedTest" time="65.625" errors="0" timestamp="2022-10-26T10:18:07 IST" skipped="0">
  <testcase classname="TestCases.FailedTest" name="verifyloginLogoTest" time="10.850"/>
  <system-out/>
  <testcase classname="TestCases.FailedTest" name="loginToApp1Test" time="13.451"/>
  <system-out/>
  <testcase classname="TestCases.FailedTest" name="verifyTitleTest" time="9.247"/>
  <system-out/>
  <testcase classname="TestCases.FailedTest" name="verifyURLTest" time="8.861"/>
  <system-out/>
  <testcase classname="TestCases.FailedTest" name="verifyBotLogoTest" time="10.110"/>
  <system-out/>
  <testcase classname="TestCases.FailedTest" name="loginToApp2Test" time="13.106"/>
  <system-out/>
</testsuite> <!-- TestCases.FailedTest -->
