<?xml version="1.0" encoding="UTF-8"?>
<!-- Generated by org.testng.reporters.JUnitReportReporter -->
<testsuite hostname="ting" failures="0" tests="6" name="TestCases.LoginPageTest" time="81.570" errors="0" timestamp="2022-10-29T09:57:30 IST" skipped="0">
  <testcase classname="TestCases.LoginPageTest" name="loginToApp1Test" time="13.456"/>
  <system-out/>
  <testcase classname="TestCases.LoginPageTest" name="loginToApp2Test" time="15.971"/>
  <system-out/>
  <testcase classname="TestCases.LoginPageTest" name="verifyLoginLogoLogoTest" time="8.936"/>
  <system-out/>
  <testcase classname="TestCases.LoginPageTest" name="verifyUrlTest" time="19.741"/>
  <system-out/>
  <testcase classname="TestCases.LoginPageTest" name="verifyBotLogoTest" time="12.438"/>
  <system-out/>
  <testcase classname="TestCases.LoginPageTest" name="verifyTitleTest" time="11.028"/>
  <system-out/>
</testsuite> <!-- TestCases.LoginPageTest -->
