<?xml version="1.0" encoding="UTF-8"?>
<!-- Generated by org.testng.reporters.JUnitReportReporter -->
<testsuite hostname="ting" failures="0" tests="10" name="TestCases.InventoryPageTest" time="443.970" errors="0" timestamp="2022-10-26T08:30:36 IST" skipped="0">
  <testcase classname="TestCases.InventoryPageTest" name="verifyBigLogoTest" time="45.757"/>
  <system-out/>
  <testcase classname="TestCases.InventoryPageTest" name="verifyBigLogoTest" time="147.375"/>
  <system-out/>
  <testcase classname="TestCases.InventoryPageTest" name="add6ProductTest" time="39.822"/>
  <system-out/>
  <testcase classname="TestCases.InventoryPageTest" name="verifyBigLogoTest" time="10.623"/>
  <system-out/>
  <testcase classname="TestCases.InventoryPageTest" name="verifyLinkedinLogo" time="18.725"/>
  <system-out/>
  <testcase classname="TestCases.InventoryPageTest" name="verifyTwitterLogoTest" time="13.934"/>
  <system-out/>
  <testcase classname="TestCases.InventoryPageTest" name="verifyBigLogoTest" time="70.580"/>
  <system-out/>
  <testcase classname="TestCases.InventoryPageTest" name="verifyFacebookLogo" time="43.219"/>
  <system-out/>
  <testcase classname="TestCases.InventoryPageTest" name="verifySmallLogoTest" time="28.422"/>
  <system-out/>
  <testcase classname="TestCases.InventoryPageTest" name="verifyBigLogoTest" time="25.513"/>
  <system-out/>
</testsuite> <!-- TestCases.InventoryPageTest -->
