<?xml version="1.0" encoding="UTF-8"?>
<!-- Generated by org.testng.reporters.JUnitReportReporter -->
<testsuite hostname="ting" failures="0" tests="6" name="TestCases.SoftAssertTest" time="21.453" errors="0" timestamp="2022-10-19T22:22:32 IST" skipped="4">
  <testcase classname="TestCases.SoftAssertTest" name="verifyBigLogoTest" time="14.157"/>
  <system-out/>
  <testcase classname="TestCases.SoftAssertTest" name="verifySmallLogoTest" time="7.296"/>
  <system-out/>
  <testcase classname="TestCases.SoftAssertTest" name="verifyFacebookLogo">
    <skipped/>
  </testcase> <!-- verifyFacebookLogo -->
  <system-out/>
  <testcase classname="TestCases.SoftAssertTest" name="add6ProductTest">
    <skipped/>
  </testcase> <!-- add6ProductTest -->
  <system-out/>
  <testcase classname="TestCases.SoftAssertTest" name="verifyLinkedinLogo">
    <skipped/>
  </testcase> <!-- verifyLinkedinLogo -->
  <system-out/>
  <testcase classname="TestCases.SoftAssertTest" name="verifyTwitterLogoTest">
    <skipped/>
  </testcase> <!-- verifyTwitterLogoTest -->
  <system-out/>
</testsuite> <!-- TestCases.SoftAssertTest -->
