<?xml version="1.0" encoding="UTF-8"?>
<!-- Generated by org.testng.reporters.JUnitReportReporter -->
<testsuite hostname="ting" failures="0" tests="1" name="TestCases.GroupTest" time="13.597" errors="0" timestamp="2022-11-01T09:16:38 IST" skipped="0">
  <testcase classname="TestCases.GroupTest" name="verifyLoginLogoLogoTest" time="13.597"/>
  <system-out/>
</testsuite> <!-- TestCases.GroupTest -->
